[31-Oct-2023 12:47:36 Asia/Dhaka] PHP Warning:  session_save_path(): Session save path cannot be changed after headers have already been sent in C:\Users\hp\Downloads\ostad-main\ostad-main\module5\assignment\crew_project\libs\session\src\Session.php on line 16
[31-Oct-2023 12:47:36 Asia/Dhaka] PHP Stack trace:
[31-Oct-2023 12:47:36 Asia/Dhaka] PHP   1. {main}() C:\Users\hp\Downloads\ostad-main\ostad-main\module5\assignment\crew_project\index.php:0
[31-Oct-2023 12:47:36 Asia/Dhaka] PHP   2. Session::init($options = ['save_path' => 'C:\\Users\\hp\\Downloads\\ostad-main\\ostad-main\\module5\\assignment\\crew_project/storage/cache/', 'name' => 'CREW_SESSION', 'cookie_params' => ['lifetime' => 3600, 'path' => '/', 'domain' => 'localhost', 'secure' => TRUE, 'httponly' => TRUE]]) C:\Users\hp\Downloads\ostad-main\ostad-main\module5\assignment\crew_project\index.php:52
[31-Oct-2023 12:47:36 Asia/Dhaka] PHP   3. session_save_path($path = 'C:\\Users\\hp\\Downloads\\ostad-main\\ostad-main\\module5\\assignment\\crew_project/storage/cache/') C:\Users\hp\Downloads\ostad-main\ostad-main\module5\assignment\crew_project\libs\session\src\Session.php:16
[31-Oct-2023 12:47:36 Asia/Dhaka] PHP Warning:  session_name(): Session name cannot be changed after headers have already been sent in C:\Users\hp\Downloads\ostad-main\ostad-main\module5\assignment\crew_project\libs\session\src\Session.php on line 20
[31-Oct-2023 12:47:36 Asia/Dhaka] PHP Stack trace:
[31-Oct-2023 12:47:36 Asia/Dhaka] PHP   1. {main}() C:\Users\hp\Downloads\ostad-main\ostad-main\module5\assignment\crew_project\index.php:0
[31-Oct-2023 12:47:36 Asia/Dhaka] PHP   2. Session::init($options = ['save_path' => 'C:\\Users\\hp\\Downloads\\ostad-main\\ostad-main\\module5\\assignment\\crew_project/storage/cache/', 'name' => 'CREW_SESSION', 'cookie_params' => ['lifetime' => 3600, 'path' => '/', 'domain' => 'localhost', 'secure' => TRUE, 'httponly' => TRUE]]) C:\Users\hp\Downloads\ostad-main\ostad-main\module5\assignment\crew_project\index.php:52
[31-Oct-2023 12:47:36 Asia/Dhaka] PHP   3. session_name($name = 'CREW_SESSION') C:\Users\hp\Downloads\ostad-main\ostad-main\module5\assignment\crew_project\libs\session\src\Session.php:20
[31-Oct-2023 12:47:36 Asia/Dhaka] PHP Warning:  session_set_cookie_params(): Session cookie parameters cannot be changed after headers have already been sent in C:\Users\hp\Downloads\ostad-main\ostad-main\module5\assignment\crew_project\libs\session\src\Session.php on line 24
[31-Oct-2023 12:47:36 Asia/Dhaka] PHP Stack trace:
[31-Oct-2023 12:47:36 Asia/Dhaka] PHP   1. {main}() C:\Users\hp\Downloads\ostad-main\ostad-main\module5\assignment\crew_project\index.php:0
[31-Oct-2023 12:47:36 Asia/Dhaka] PHP   2. Session::init($options = ['save_path' => 'C:\\Users\\hp\\Downloads\\ostad-main\\ostad-main\\module5\\assignment\\crew_project/storage/cache/', 'name' => 'CREW_SESSION', 'cookie_params' => ['lifetime' => 3600, 'path' => '/', 'domain' => 'localhost', 'secure' => TRUE, 'httponly' => TRUE]]) C:\Users\hp\Downloads\ostad-main\ostad-main\module5\assignment\crew_project\index.php:52
[31-Oct-2023 12:47:36 Asia/Dhaka] PHP   3. session_set_cookie_params($lifetime_or_options = 3600, $path = '/', $domain = 'localhost', $secure = TRUE, $httponly = TRUE) C:\Users\hp\Downloads\ostad-main\ostad-main\module5\assignment\crew_project\libs\session\src\Session.php:24
[31-Oct-2023 12:47:36 Asia/Dhaka] PHP Warning:  session_start(): Session cannot be started after headers have already been sent in C:\Users\hp\Downloads\ostad-main\ostad-main\module5\assignment\crew_project\libs\session\src\Session.php on line 34
[31-Oct-2023 12:47:36 Asia/Dhaka] PHP Stack trace:
[31-Oct-2023 12:47:36 Asia/Dhaka] PHP   1. {main}() C:\Users\hp\Downloads\ostad-main\ostad-main\module5\assignment\crew_project\index.php:0
[31-Oct-2023 12:47:36 Asia/Dhaka] PHP   2. Session::init($options = ['save_path' => 'C:\\Users\\hp\\Downloads\\ostad-main\\ostad-main\\module5\\assignment\\crew_project/storage/cache/', 'name' => 'CREW_SESSION', 'cookie_params' => ['lifetime' => 3600, 'path' => '/', 'domain' => 'localhost', 'secure' => TRUE, 'httponly' => TRUE]]) C:\Users\hp\Downloads\ostad-main\ostad-main\module5\assignment\crew_project\index.php:52
[31-Oct-2023 12:47:36 Asia/Dhaka] PHP   3. session_start() C:\Users\hp\Downloads\ostad-main\ostad-main\module5\assignment\crew_project\libs\session\src\Session.php:34
[31-Oct-2023 12:47:37 Asia/Dhaka] PHP Warning:  Cannot modify header information - headers already sent in C:\Users\hp\Downloads\ostad-main\ostad-main\module5\assignment\crew_project\includes\functions.php on line 43
[31-Oct-2023 12:47:37 Asia/Dhaka] PHP Stack trace:
[31-Oct-2023 12:47:37 Asia/Dhaka] PHP   1. {main}() C:\Users\hp\Downloads\ostad-main\ostad-main\module5\assignment\crew_project\index.php:0
[31-Oct-2023 12:47:37 Asia/Dhaka] PHP   2. handleHttpRequest() C:\Users\hp\Downloads\ostad-main\ostad-main\module5\assignment\crew_project\index.php:72
[31-Oct-2023 12:47:37 Asia/Dhaka] PHP   3. require() C:\Users\hp\Downloads\ostad-main\ostad-main\module5\assignment\crew_project\index.php:65
[31-Oct-2023 12:47:37 Asia/Dhaka] PHP   4. redirect($url = 'http://localhost:8080/logout') C:\Users\hp\Downloads\ostad-main\ostad-main\module5\assignment\crew_project\pages\index.php:7
[31-Oct-2023 12:47:37 Asia/Dhaka] PHP   5. header($header = 'Location: http://localhost:8080/logout') C:\Users\hp\Downloads\ostad-main\ostad-main\module5\assignment\crew_project\includes\functions.php:43
[31-Oct-2023 12:48:00 Asia/Dhaka] PHP Warning:  session_save_path(): Session save path cannot be changed after headers have already been sent in C:\Users\hp\Downloads\ostad-main\ostad-main\module5\assignment\crew_project\libs\session\src\Session.php on line 16
[31-Oct-2023 12:48:00 Asia/Dhaka] PHP Stack trace:
[31-Oct-2023 12:48:00 Asia/Dhaka] PHP   1. {main}() C:\Users\hp\Downloads\ostad-main\ostad-main\module5\assignment\crew_project\index.php:0
[31-Oct-2023 12:48:00 Asia/Dhaka] PHP   2. Session::init($options = ['save_path' => 'C:\\Users\\hp\\Downloads\\ostad-main\\ostad-main\\module5\\assignment\\crew_project/storage/cache/', 'name' => 'CREW_SESSION', 'cookie_params' => ['lifetime' => 3600, 'path' => '/', 'domain' => 'localhost', 'secure' => TRUE, 'httponly' => TRUE]]) C:\Users\hp\Downloads\ostad-main\ostad-main\module5\assignment\crew_project\index.php:52
[31-Oct-2023 12:48:00 Asia/Dhaka] PHP   3. session_save_path($path = 'C:\\Users\\hp\\Downloads\\ostad-main\\ostad-main\\module5\\assignment\\crew_project/storage/cache/') C:\Users\hp\Downloads\ostad-main\ostad-main\module5\assignment\crew_project\libs\session\src\Session.php:16
[31-Oct-2023 12:48:00 Asia/Dhaka] PHP Warning:  session_name(): Session name cannot be changed after headers have already been sent in C:\Users\hp\Downloads\ostad-main\ostad-main\module5\assignment\crew_project\libs\session\src\Session.php on line 20
[31-Oct-2023 12:48:00 Asia/Dhaka] PHP Stack trace:
[31-Oct-2023 12:48:00 Asia/Dhaka] PHP   1. {main}() C:\Users\hp\Downloads\ostad-main\ostad-main\module5\assignment\crew_project\index.php:0
[31-Oct-2023 12:48:00 Asia/Dhaka] PHP   2. Session::init($options = ['save_path' => 'C:\\Users\\hp\\Downloads\\ostad-main\\ostad-main\\module5\\assignment\\crew_project/storage/cache/', 'name' => 'CREW_SESSION', 'cookie_params' => ['lifetime' => 3600, 'path' => '/', 'domain' => 'localhost', 'secure' => TRUE, 'httponly' => TRUE]]) C:\Users\hp\Downloads\ostad-main\ostad-main\module5\assignment\crew_project\index.php:52
[31-Oct-2023 12:48:00 Asia/Dhaka] PHP   3. session_name($name = 'CREW_SESSION') C:\Users\hp\Downloads\ostad-main\ostad-main\module5\assignment\crew_project\libs\session\src\Session.php:20
[31-Oct-2023 12:48:00 Asia/Dhaka] PHP Warning:  session_set_cookie_params(): Session cookie parameters cannot be changed after headers have already been sent in C:\Users\hp\Downloads\ostad-main\ostad-main\module5\assignment\crew_project\libs\session\src\Session.php on line 24
[31-Oct-2023 12:48:00 Asia/Dhaka] PHP Stack trace:
[31-Oct-2023 12:48:00 Asia/Dhaka] PHP   1. {main}() C:\Users\hp\Downloads\ostad-main\ostad-main\module5\assignment\crew_project\index.php:0
[31-Oct-2023 12:48:00 Asia/Dhaka] PHP   2. Session::init($options = ['save_path' => 'C:\\Users\\hp\\Downloads\\ostad-main\\ostad-main\\module5\\assignment\\crew_project/storage/cache/', 'name' => 'CREW_SESSION', 'cookie_params' => ['lifetime' => 3600, 'path' => '/', 'domain' => 'localhost', 'secure' => TRUE, 'httponly' => TRUE]]) C:\Users\hp\Downloads\ostad-main\ostad-main\module5\assignment\crew_project\index.php:52
[31-Oct-2023 12:48:00 Asia/Dhaka] PHP   3. session_set_cookie_params($lifetime_or_options = 3600, $path = '/', $domain = 'localhost', $secure = TRUE, $httponly = TRUE) C:\Users\hp\Downloads\ostad-main\ostad-main\module5\assignment\crew_project\libs\session\src\Session.php:24
[31-Oct-2023 12:48:00 Asia/Dhaka] PHP Warning:  session_start(): Session cannot be started after headers have already been sent in C:\Users\hp\Downloads\ostad-main\ostad-main\module5\assignment\crew_project\libs\session\src\Session.php on line 34
[31-Oct-2023 12:48:00 Asia/Dhaka] PHP Stack trace:
[31-Oct-2023 12:48:00 Asia/Dhaka] PHP   1. {main}() C:\Users\hp\Downloads\ostad-main\ostad-main\module5\assignment\crew_project\index.php:0
[31-Oct-2023 12:48:00 Asia/Dhaka] PHP   2. Session::init($options = ['save_path' => 'C:\\Users\\hp\\Downloads\\ostad-main\\ostad-main\\module5\\assignment\\crew_project/storage/cache/', 'name' => 'CREW_SESSION', 'cookie_params' => ['lifetime' => 3600, 'path' => '/', 'domain' => 'localhost', 'secure' => TRUE, 'httponly' => TRUE]]) C:\Users\hp\Downloads\ostad-main\ostad-main\module5\assignment\crew_project\index.php:52
[31-Oct-2023 12:48:00 Asia/Dhaka] PHP   3. session_start() C:\Users\hp\Downloads\ostad-main\ostad-main\module5\assignment\crew_project\libs\session\src\Session.php:34
[31-Oct-2023 12:48:00 Asia/Dhaka] PHP Warning:  Cannot modify header information - headers already sent in C:\Users\hp\Downloads\ostad-main\ostad-main\module5\assignment\crew_project\includes\functions.php on line 43
[31-Oct-2023 12:48:00 Asia/Dhaka] PHP Stack trace:
[31-Oct-2023 12:48:00 Asia/Dhaka] PHP   1. {main}() C:\Users\hp\Downloads\ostad-main\ostad-main\module5\assignment\crew_project\index.php:0
[31-Oct-2023 12:48:00 Asia/Dhaka] PHP   2. handleHttpRequest() C:\Users\hp\Downloads\ostad-main\ostad-main\module5\assignment\crew_project\index.php:72
[31-Oct-2023 12:48:00 Asia/Dhaka] PHP   3. require() C:\Users\hp\Downloads\ostad-main\ostad-main\module5\assignment\crew_project\index.php:65
[31-Oct-2023 12:48:00 Asia/Dhaka] PHP   4. redirect($url = 'http://localhost:8080/logout') C:\Users\hp\Downloads\ostad-main\ostad-main\module5\assignment\crew_project\pages\index.php:7
[31-Oct-2023 12:48:00 Asia/Dhaka] PHP   5. header($header = 'Location: http://localhost:8080/logout') C:\Users\hp\Downloads\ostad-main\ostad-main\module5\assignment\crew_project\includes\functions.php:43
[31-Oct-2023 12:48:51 Asia/Dhaka] PHP Warning:  session_start(): open(C:\Users\hp\Downloads\ostad-main\ostad-main\module5\assignment\crew_project/storage/cache/\sess_jhm7sse9eag8vbkln77satqfkm, O_RDWR) failed: No such file or directory (2) in C:\Users\hp\Downloads\ostad-main\ostad-main\module5\assignment\crew_project\libs\session\src\Session.php on line 34
[31-Oct-2023 12:48:51 Asia/Dhaka] PHP Warning:  session_start(): Failed to read session data: files (path: C:\Users\hp\Downloads\ostad-main\ostad-main\module5\assignment\crew_project/storage/cache/) in C:\Users\hp\Downloads\ostad-main\ostad-main\module5\assignment\crew_project\libs\session\src\Session.php on line 34
